# JRE version: Java(TM) SE Runtime Environment (8.0_201-b09) (build 1.8.0_201-b09)
# Java VM: Java HotSpot(TM) 64-Bit Server VM (25.201-b09 mixed mode linux-amd64 compressed oops)
Heap:
 PSYoungGen      total 897536K, used 184897K [0x000000076cf80000, 0x00000007b1d00000, 0x00000007c0000000)
  eden space 683520K, 0% used [0x000000076cf80000,0x000000076cf80000,0x0000000796b00000)
  from space 214016K, 86% used [0x0000000796b00000,0x00000007a1f90570,0x00000007a3c00000)
  to   space 191488K, 0% used [0x00000007a3c00000,0x00000007a3c00000,0x00000007af700000)
 ParOldGen       total 762880K, used 388962K [0x00000006c6e00000, 0x00000006f5700000, 0x000000076cf80000)
  object space 762880K, 50% used [0x00000006c6e00000,0x00000006de9d89d8,0x00000006f5700000)
 Metaspace       used 101999K, capacity 103700K, committed 104152K, reserved 1140736K
  class space    used 11508K, capacity 11953K, committed 12032K, reserved 1048576K
GC Heap History (10 events):
Event: 21.911 GC heap after
Heap after GC invocations=16 (full 3):
 PSYoungGen      total 623616K, used 125928K [0x000000076cf80000, 0x00000007a6400000, 0x00000007c0000000)
  eden space 497664K, 0% used [0x000000076cf80000,0x000000076cf80000,0x000000078b580000)
  from space 125952K, 99% used [0x000000078b580000,0x000000079307a080,0x0000000793080000)
  to   space 162304K, 0% used [0x000000079c580000,0x000000079c580000,0x00000007a6400000)
 ParOldGen       total 483328K, used 243934K [0x00000006c6e00000, 0x00000006e4600000, 0x000000076cf80000)
  object space 483328K, 50% used [0x00000006c6e00000,0x00000006d5c37998,0x00000006e4600000)
 Metaspace       used 83689K, capacity 85178K, committed 85336K, reserved 1124352K
  class space    used 9444K, capacity 9810K, committed 9856K, reserved 1048576K
}
Event: 25.773 GC heap before
{Heap before GC invocations=17 (full 3):
 PSYoungGen      total 623616K, used 504850K [0x000000076cf80000, 0x00000007a6400000, 0x00000007c0000000)
  eden space 497664K, 76% used [0x000000076cf80000,0x000000078418a880,0x000000078b580000)
  from space 125952K, 99% used [0x000000078b580000,0x000000079307a080,0x0000000793080000)
  to   space 162304K, 0% used [0x000000079c580000,0x000000079c580000,0x00000007a6400000)
 ParOldGen       total 483328K, used 243934K [0x00000006c6e00000, 0x00000006e4600000, 0x000000076cf80000)
  object space 483328K, 50% used [0x00000006c6e00000,0x00000006d5c37998,0x00000006e4600000)
 Metaspace       used 96462K, capacity 98132K, committed 98264K, reserved 1136640K
  class space    used 11021K, capacity 11440K, committed 11520K, reserved 1048576K
Event: 25.880 GC heap after
Heap after GC invocations=17 (full 3):
 PSYoungGen      total 749568K, used 159561K [0x000000076cf80000, 0x00000007a9c00000, 0x00000007c0000000)
  eden space 587264K, 0% used [0x000000076cf80000,0x000000076cf80000,0x0000000790d00000)
  from space 162304K, 98% used [0x000000079c580000,0x00000007a6152518,0x00000007a6400000)
  to   space 188928K, 0% used [0x0000000790d00000,0x0000000790d00000,0x000000079c580000)
 ParOldGen       total 483328K, used 286992K [0x00000006c6e00000, 0x00000006e4600000, 0x000000076cf80000)
  object space 483328K, 59% used [0x00000006c6e00000,0x00000006d8644108,0x00000006e4600000)
 Metaspace       used 96462K, capacity 98132K, committed 98264K, reserved 1136640K
  class space    used 11021K, capacity 11440K, committed 11520K, reserved 1048576K
}
Event: 25.880 GC heap before
{Heap before GC invocations=18 (full 4):
 PSYoungGen      total 749568K, used 159561K [0x000000076cf80000, 0x00000007a9c00000, 0x00000007c0000000)
  eden space 587264K, 0% used [0x000000076cf80000,0x000000076cf80000,0x0000000790d00000)
  from space 162304K, 98% used [0x000000079c580000,0x00000007a6152518,0x00000007a6400000)
  to   space 188928K, 0% used [0x0000000790d00000,0x0000000790d00000,0x000000079c580000)
 ParOldGen       total 483328K, used 286992K [0x00000006c6e00000, 0x00000006e4600000, 0x000000076cf80000)
  object space 483328K, 59% used [0x00000006c6e00000,0x00000006d8644108,0x00000006e4600000)
 Metaspace       used 96462K, capacity 98132K, committed 98264K, reserved 1136640K
  class space    used 11021K, capacity 11440K, committed 11520K, reserved 1048576K
Event: 26.239 GC heap after
Heap after GC invocations=18 (full 4):
 PSYoungGen      total 749568K, used 0K [0x000000076cf80000, 0x00000007a9c00000, 0x00000007c0000000)
  eden space 587264K, 0% used [0x000000076cf80000,0x000000076cf80000,0x0000000790d00000)
  from space 162304K, 0% used [0x000000079c580000,0x000000079c580000,0x00000007a6400000)
  to   space 188928K, 0% used [0x0000000790d00000,0x0000000790d00000,0x000000079c580000)
 ParOldGen       total 762880K, used 388930K [0x00000006c6e00000, 0x00000006f5700000, 0x000000076cf80000)
  object space 762880K, 50% used [0x00000006c6e00000,0x00000006de9d09d8,0x00000006f5700000)
 Metaspace       used 96343K, capacity 97988K, committed 98264K, reserved 1136640K
  class space    used 11012K, capacity 11424K, committed 11520K, reserved 1048576K
}
Event: 47.236 GC heap before
{Heap before GC invocations=19 (full 4):
 PSYoungGen      total 749568K, used 587264K [0x000000076cf80000, 0x00000007a9c00000, 0x00000007c0000000)
  eden space 587264K, 100% used [0x000000076cf80000,0x0000000790d00000,0x0000000790d00000)
  from space 162304K, 0% used [0x000000079c580000,0x000000079c580000,0x00000007a6400000)
  to   space 188928K, 0% used [0x0000000790d00000,0x0000000790d00000,0x000000079c580000)
 ParOldGen       total 762880K, used 388930K [0x00000006c6e00000, 0x00000006f5700000, 0x000000076cf80000)
  object space 762880K, 50% used [0x00000006c6e00000,0x00000006de9d09d8,0x00000006f5700000)
 Metaspace       used 101910K, capacity 103630K, committed 103896K, reserved 1140736K
  class space    used 11507K, capacity 11952K, committed 12032K, reserved 1048576K
Event: 47.281 GC heap after
Heap after GC invocations=19 (full 4):
 PSYoungGen      total 776192K, used 108838K [0x000000076cf80000, 0x00000007af700000, 0x00000007c0000000)
  eden space 587264K, 0% used [0x000000076cf80000,0x000000076cf80000,0x0000000790d00000)
  from space 188928K, 57% used [0x0000000790d00000,0x0000000797749b00,0x000000079c580000)
  to   space 191488K, 0% used [0x00000007a3c00000,0x00000007a3c00000,0x00000007af700000)
 ParOldGen       total 762880K, used 388946K [0x00000006c6e00000, 0x00000006f5700000, 0x000000076cf80000)
  object space 762880K, 50% used [0x00000006c6e00000,0x00000006de9d49d8,0x00000006f5700000)
 Metaspace       used 101910K, capacity 103630K, committed 103896K, reserved 1140736K
  class space    used 11507K, capacity 11952K, committed 12032K, reserved 1048576K
}
Event: 55.736 GC heap before
{Heap before GC invocations=20 (full 4):
 PSYoungGen      total 776192K, used 696102K [0x000000076cf80000, 0x00000007af700000, 0x00000007c0000000)
  eden space 587264K, 100% used [0x000000076cf80000,0x0000000790d00000,0x0000000790d00000)
  from space 188928K, 57% used [0x0000000790d00000,0x0000000797749b00,0x000000079c580000)
  to   space 191488K, 0% used [0x00000007a3c00000,0x00000007a3c00000,0x00000007af700000)
 ParOldGen       total 762880K, used 388946K [0x00000006c6e00000, 0x00000006f5700000, 0x000000076cf80000)
  object space 762880K, 50% used [0x00000006c6e00000,0x00000006de9d49d8,0x00000006f5700000)
 Metaspace       used 101991K, capacity 103700K, committed 104152K, reserved 1140736K
  class space    used 11508K, capacity 11953K, committed 12032K, reserved 1048576K
Event: 55.841 GC heap after
Heap after GC invocations=20 (full 4):
 PSYoungGen      total 875008K, used 166365K [0x000000076cf80000, 0x00000007b1d00000, 0x00000007c0000000)
  eden space 683520K, 0% used [0x000000076cf80000,0x000000076cf80000,0x0000000796b00000)
  from space 191488K, 86% used [0x00000007a3c00000,0x00000007ade77798,0x00000007af700000)
  to   space 214016K, 0% used [0x0000000796b00000,0x0000000796b00000,0x00000007a3c00000)
 ParOldGen       total 762880K, used 388954K [0x00000006c6e00000, 0x00000006f5700000, 0x000000076cf80000)
  object space 762880K, 50% used [0x00000006c6e00000,0x00000006de9d69d8,0x00000006f5700000)
 Metaspace       used 101991K, capacity 103700K, committed 104152K, reserved 1140736K
  class space    used 11508K, capacity 11953K, committed 12032K, reserved 1048576K
}
Event: 69.804 GC heap before
{Heap before GC invocations=21 (full 4):
 PSYoungGen      total 875008K, used 849885K [0x000000076cf80000, 0x00000007b1d00000, 0x00000007c0000000)
  eden space 683520K, 100% used [0x000000076cf80000,0x0000000796b00000,0x0000000796b00000)
  from space 191488K, 86% used [0x00000007a3c00000,0x00000007ade77798,0x00000007af700000)
  to   space 214016K, 0% used [0x0000000796b00000,0x0000000796b00000,0x00000007a3c00000)
 ParOldGen       total 762880K, used 388954K [0x00000006c6e00000, 0x00000006f5700000, 0x000000076cf80000)
  object space 762880K, 50% used [0x00000006c6e00000,0x00000006de9d69d8,0x00000006f5700000)
 Metaspace       used 101999K, capacity 103700K, committed 104152K, reserved 1140736K
  class space    used 11508K, capacity 11953K, committed 12032K, reserved 1048576K

